<?xml version="1.0" encoding="UTF-8"?>
<!-- Generated by org.testng.reporters.JUnitReportReporter -->
<testsuite skipped="0" hostname="DESKTOP-Q6H280O" name="com.automation.pim.testCases.TestCase1" tests="1" failures="0" timestamp="2024-04-26T13:21:38 EDT" time="1.604" errors="0">
  <testcase name="signUpTest" time="1.604" classname="com.automation.pim.testCases.TestCase1"/>
  <system-out/>
</testsuite> <!-- com.automation.pim.testCases.TestCase1 -->
